# JRE version: Java(TM) SE Runtime Environment (8.0_271-b09) (build 1.8.0_271-b09)
# Java VM: Java HotSpot(TM) 64-Bit Server VM (25.271-b09 mixed mode windows-amd64 compressed oops)
Heap:
 PSYoungGen      total 553472K, used 119838K [0x00000000d5580000, 0x00000000f8000000, 0x0000000100000000)
  eden space 544256K, 21% used [0x00000000d5580000,0x00000000dc76af30,0x00000000f6900000)
  from space 9216K, 34% used [0x00000000f7700000,0x00000000f7a1c970,0x00000000f8000000)
  to   space 11776K, 0% used [0x00000000f6900000,0x00000000f6900000,0x00000000f7480000)
 ParOldGen       total 125952K, used 71667K [0x0000000080000000, 0x0000000087b00000, 0x00000000d5580000)
  object space 125952K, 56% used [0x0000000080000000,0x00000000845fcec8,0x0000000087b00000)
 Metaspace       used 100787K, capacity 103926K, committed 104616K, reserved 1140736K
  class space    used 12230K, capacity 12887K, committed 12968K, reserved 1048576K
GC Heap History (10 events):
Event: 180.437 GC heap before
{Heap before GC invocations=44 (full 3):
 PSYoungGen      total 553472K, used 361205K [0x00000000d5580000, 0x00000000f8000000, 0x0000000100000000)
  eden space 544256K, 64% used [0x00000000d5580000,0x00000000ead93b58,0x00000000f6900000)
  from space 9216K, 96% used [0x00000000f7700000,0x00000000f7fa9a38,0x00000000f8000000)
  to   space 11776K, 99% used [0x00000000f6900000,0x00000000f74794b0,0x00000000f7480000)
 ParOldGen       total 58880K, used 58754K [0x0000000080000000, 0x0000000083980000, 0x00000000d5580000)
  object space 58880K, 99% used [0x0000000080000000,0x0000000083960ba0,0x0000000083980000)
 Metaspace       used 56391K, capacity 58958K, committed 59160K, reserved 1099776K
  class space    used 7965K, capacity 8529K, committed 8616K, reserved 1048576K
Event: 183.745 GC heap after
Heap after GC invocations=44 (full 3):
 PSYoungGen      total 553472K, used 0K [0x00000000d5580000, 0x00000000f8000000, 0x0000000100000000)
  eden space 544256K, 0% used [0x00000000d5580000,0x00000000d5580000,0x00000000f6900000)
  from space 9216K, 0% used [0x00000000f7700000,0x00000000f7700000,0x00000000f8000000)
  to   space 11776K, 12% used [0x00000000f6900000,0x00000000f6a78c40,0x00000000f7480000)
 ParOldGen       total 58880K, used 58633K [0x0000000080000000, 0x0000000083980000, 0x00000000d5580000)
  object space 58880K, 99% used [0x0000000080000000,0x0000000083942748,0x0000000083980000)
 Metaspace       used 56391K, capacity 58958K, committed 59160K, reserved 1099776K
  class space    used 7965K, capacity 8529K, committed 8616K, reserved 1048576K
}
Event: 218.747 GC heap before
{Heap before GC invocations=45 (full 4):
 PSYoungGen      total 553472K, used 544256K [0x00000000d5580000, 0x00000000f8000000, 0x0000000100000000)
  eden space 544256K, 100% used [0x00000000d5580000,0x00000000f6900000,0x00000000f6900000)
  from space 9216K, 0% used [0x00000000f7700000,0x00000000f7700000,0x00000000f8000000)
  to   space 11776K, 12% used [0x00000000f6900000,0x00000000f6a78c40,0x00000000f7480000)
 ParOldGen       total 58880K, used 58633K [0x0000000080000000, 0x0000000083980000, 0x00000000d5580000)
  object space 58880K, 99% used [0x0000000080000000,0x0000000083942748,0x0000000083980000)
 Metaspace       used 81242K, capacity 84218K, committed 84520K, reserved 1122304K
  class space    used 10366K, capacity 11017K, committed 11048K, reserved 1048576K
Event: 228.885 GC heap after
Heap after GC invocations=45 (full 4):
 PSYoungGen      total 553472K, used 39964K [0x00000000d5580000, 0x00000000f8000000, 0x0000000100000000)
  eden space 544256K, 7% used [0x00000000d5580000,0x00000000d7c871a8,0x00000000f6900000)
  from space 9216K, 0% used [0x00000000f7700000,0x00000000f7700000,0x00000000f8000000)
  to   space 11776K, 0% used [0x00000000f6900000,0x00000000f6900000,0x00000000f7480000)
 ParOldGen       total 94720K, used 58840K [0x0000000080000000, 0x0000000085c80000, 0x00000000d5580000)
  object space 94720K, 62% used [0x0000000080000000,0x00000000839760a0,0x0000000085c80000)
 Metaspace       used 81242K, capacity 84218K, committed 84520K, reserved 1122304K
  class space    used 10366K, capacity 11017K, committed 11048K, reserved 1048576K
}
Event: 274.177 GC heap before
{Heap before GC invocations=46 (full 4):
 PSYoungGen      total 553472K, used 544256K [0x00000000d5580000, 0x00000000f8000000, 0x0000000100000000)
  eden space 544256K, 100% used [0x00000000d5580000,0x00000000f6900000,0x00000000f6900000)
  from space 9216K, 0% used [0x00000000f7700000,0x00000000f7700000,0x00000000f8000000)
  to   space 11776K, 0% used [0x00000000f6900000,0x00000000f6900000,0x00000000f7480000)
 ParOldGen       total 94720K, used 58840K [0x0000000080000000, 0x0000000085c80000, 0x00000000d5580000)
  object space 94720K, 62% used [0x0000000080000000,0x00000000839760a0,0x0000000085c80000)
 Metaspace       used 100782K, capacity 103920K, committed 104616K, reserved 1140736K
  class space    used 12229K, capacity 12886K, committed 12968K, reserved 1048576K
Event: 280.755 GC heap after
Heap after GC invocations=46 (full 4):
 PSYoungGen      total 556032K, used 11756K [0x00000000d5580000, 0x00000000f8000000, 0x0000000100000000)
  eden space 544256K, 0% used [0x00000000d5580000,0x00000000d5580000,0x00000000f6900000)
  from space 11776K, 99% used [0x00000000f6900000,0x00000000f747b280,0x00000000f7480000)
  to   space 9216K, 0% used [0x00000000f7700000,0x00000000f7700000,0x00000000f8000000)
 ParOldGen       total 94720K, used 88955K [0x0000000080000000, 0x0000000085c80000, 0x00000000d5580000)
  object space 94720K, 93% used [0x0000000080000000,0x00000000856ded28,0x0000000085c80000)
 Metaspace       used 100782K, capacity 103920K, committed 104616K, reserved 1140736K
  class space    used 12229K, capacity 12886K, committed 12968K, reserved 1048576K
}
Event: 280.758 GC heap before
{Heap before GC invocations=47 (full 5):
 PSYoungGen      total 556032K, used 11756K [0x00000000d5580000, 0x00000000f8000000, 0x0000000100000000)
  eden space 544256K, 0% used [0x00000000d5580000,0x00000000d5580000,0x00000000f6900000)
  from space 11776K, 99% used [0x00000000f6900000,0x00000000f747b280,0x00000000f7480000)
  to   space 9216K, 0% used [0x00000000f7700000,0x00000000f7700000,0x00000000f8000000)
 ParOldGen       total 94720K, used 88955K [0x0000000080000000, 0x0000000085c80000, 0x00000000d5580000)
  object space 94720K, 93% used [0x0000000080000000,0x00000000856ded28,0x0000000085c80000)
 Metaspace       used 100782K, capacity 103920K, committed 104616K, reserved 1140736K
  class space    used 12229K, capacity 12886K, committed 12968K, reserved 1048576K
Event: 297.893 GC heap after
Heap after GC invocations=47 (full 5):
 PSYoungGen      total 556032K, used 0K [0x00000000d5580000, 0x00000000f8000000, 0x0000000100000000)
  eden space 544256K, 0% used [0x00000000d5580000,0x00000000d5580000,0x00000000f6900000)
  from space 11776K, 0% used [0x00000000f6900000,0x00000000f6900000,0x00000000f7480000)
  to   space 9216K, 0% used [0x00000000f7700000,0x00000000f7700000,0x00000000f8000000)
 ParOldGen       total 125952K, used 71659K [0x0000000080000000, 0x0000000087b00000, 0x00000000d5580000)
  object space 125952K, 56% used [0x0000000080000000,0x00000000845faec8,0x0000000087b00000)
 Metaspace       used 100782K, capacity 103920K, committed 104616K, reserved 1140736K
  class space    used 12229K, capacity 12886K, committed 12968K, reserved 1048576K
}
Event: 316.981 GC heap before
{Heap before GC invocations=48 (full 5):
 PSYoungGen      total 556032K, used 544256K [0x00000000d5580000, 0x00000000f8000000, 0x0000000100000000)
  eden space 544256K, 100% used [0x00000000d5580000,0x00000000f6900000,0x00000000f6900000)
  from space 11776K, 0% used [0x00000000f6900000,0x00000000f6900000,0x00000000f7480000)
  to   space 9216K, 0% used [0x00000000f7700000,0x00000000f7700000,0x00000000f8000000)
 ParOldGen       total 125952K, used 71659K [0x0000000080000000, 0x0000000087b00000, 0x00000000d5580000)
  object space 125952K, 56% used [0x0000000080000000,0x00000000845faec8,0x0000000087b00000)
 Metaspace       used 100787K, capacity 103926K, committed 104616K, reserved 1140736K
  class space    used 12230K, capacity 12887K, committed 12968K, reserved 1048576K
Event: 317.920 GC heap after
Heap after GC invocations=48 (full 5):
 PSYoungGen      total 553472K, used 3186K [0x00000000d5580000, 0x00000000f8000000, 0x0000000100000000)
  eden space 544256K, 0% used [0x00000000d5580000,0x00000000d5580000,0x00000000f6900000)
  from space 9216K, 34% used [0x00000000f7700000,0x00000000f7a1c970,0x00000000f8000000)
  to   space 11776K, 0% used [0x00000000f6900000,0x00000000f6900000,0x00000000f7480000)
 ParOldGen       total 125952K, used 71667K [0x0000000080000000, 0x0000000087b00000, 0x00000000d5580000)
  object space 125952K, 56% used [0x0000000080000000,0x00000000845fcec8,0x0000000087b00000)
 Metaspace       used 100787K, capacity 103926K, committed 104616K, reserved 1140736K
  class space    used 12230K, capacity 12887K, committed 12968K, reserved 1048576K
}

