# JRE version: Java(TM) SE Runtime Environment (8.0_271-b09) (build 1.8.0_271-b09)
# Java VM: Java HotSpot(TM) 64-Bit Server VM (25.271-b09 mixed mode windows-amd64 compressed oops)
Heap:
 PSYoungGen      total 262144K, used 221933K [0x00000000d5580000, 0x00000000e8300000, 0x0000000100000000)
  eden space 248832K, 88% used [0x00000000d5580000,0x00000000e2c9dba8,0x00000000e4880000)
  from space 13312K, 12% used [0x00000000e4880000,0x00000000e4a1da68,0x00000000e5580000)
  to   space 13312K, 0% used [0x00000000e7600000,0x00000000e7600000,0x00000000e8300000)
 ParOldGen       total 58880K, used 28254K [0x0000000080000000, 0x0000000083980000, 0x00000000d5580000)
  object space 58880K, 47% used [0x0000000080000000,0x0000000081b978e0,0x0000000083980000)
 Metaspace       used 42658K, capacity 45084K, committed 45312K, reserved 1087488K
  class space    used 5892K, capacity 6400K, committed 6400K, reserved 1048576K
GC Heap History (10 events):
Event: 60.695 GC heap before
{Heap before GC invocations=19 (full 2):
 PSYoungGen      total 200704K, used 195716K [0x00000000d5580000, 0x00000000e2700000, 0x0000000100000000)
  eden space 194048K, 100% used [0x00000000d5580000,0x00000000e1300000,0x00000000e1300000)
  from space 6656K, 25% used [0x00000000e2080000,0x00000000e2221278,0x00000000e2700000)
  to   space 10240K, 0% used [0x00000000e1300000,0x00000000e1300000,0x00000000e1d00000)
 ParOldGen       total 58880K, used 23341K [0x0000000080000000, 0x0000000083980000, 0x00000000d5580000)
  object space 58880K, 39% used [0x0000000080000000,0x00000000816cb5b8,0x0000000083980000)
 Metaspace       used 38930K, capacity 41162K, committed 41216K, reserved 1085440K
  class space    used 5441K, capacity 5883K, committed 5888K, reserved 1048576K
Event: 60.700 GC heap after
Heap after GC invocations=19 (full 2):
 PSYoungGen      total 204288K, used 2742K [0x00000000d5580000, 0x00000000e4380000, 0x0000000100000000)
  eden space 194048K, 0% used [0x00000000d5580000,0x00000000d5580000,0x00000000e1300000)
  from space 10240K, 26% used [0x00000000e1300000,0x00000000e15adba8,0x00000000e1d00000)
  to   space 9728K, 0% used [0x00000000e3a00000,0x00000000e3a00000,0x00000000e4380000)
 ParOldGen       total 58880K, used 23341K [0x0000000080000000, 0x0000000083980000, 0x00000000d5580000)
  object space 58880K, 39% used [0x0000000080000000,0x00000000816cb5b8,0x0000000083980000)
 Metaspace       used 38930K, capacity 41162K, committed 41216K, reserved 1085440K
  class space    used 5441K, capacity 5883K, committed 5888K, reserved 1048576K
}
Event: 61.676 GC heap before
{Heap before GC invocations=20 (full 2):
 PSYoungGen      total 204288K, used 196790K [0x00000000d5580000, 0x00000000e4380000, 0x0000000100000000)
  eden space 194048K, 100% used [0x00000000d5580000,0x00000000e1300000,0x00000000e1300000)
  from space 10240K, 26% used [0x00000000e1300000,0x00000000e15adba8,0x00000000e1d00000)
  to   space 9728K, 0% used [0x00000000e3a00000,0x00000000e3a00000,0x00000000e4380000)
 ParOldGen       total 58880K, used 23341K [0x0000000080000000, 0x0000000083980000, 0x00000000d5580000)
  object space 58880K, 39% used [0x0000000080000000,0x00000000816cb5b8,0x0000000083980000)
 Metaspace       used 38930K, capacity 41162K, committed 41216K, reserved 1085440K
  class space    used 5441K, capacity 5883K, committed 5888K, reserved 1048576K
Event: 61.687 GC heap after
Heap after GC invocations=20 (full 2):
 PSYoungGen      total 229888K, used 4146K [0x00000000d5580000, 0x00000000e4100000, 0x0000000100000000)
  eden space 222720K, 0% used [0x00000000d5580000,0x00000000d5580000,0x00000000e2f00000)
  from space 7168K, 57% used [0x00000000e3a00000,0x00000000e3e0c970,0x00000000e4100000)
  to   space 9216K, 0% used [0x00000000e2f00000,0x00000000e2f00000,0x00000000e3800000)
 ParOldGen       total 58880K, used 23341K [0x0000000080000000, 0x0000000083980000, 0x00000000d5580000)
  object space 58880K, 39% used [0x0000000080000000,0x00000000816cb5b8,0x0000000083980000)
 Metaspace       used 38930K, capacity 41162K, committed 41216K, reserved 1085440K
  class space    used 5441K, capacity 5883K, committed 5888K, reserved 1048576K
}
Event: 66.530 GC heap before
{Heap before GC invocations=21 (full 2):
 PSYoungGen      total 229888K, used 226866K [0x00000000d5580000, 0x00000000e4100000, 0x0000000100000000)
  eden space 222720K, 100% used [0x00000000d5580000,0x00000000e2f00000,0x00000000e2f00000)
  from space 7168K, 57% used [0x00000000e3a00000,0x00000000e3e0c970,0x00000000e4100000)
  to   space 9216K, 0% used [0x00000000e2f00000,0x00000000e2f00000,0x00000000e3800000)
 ParOldGen       total 58880K, used 23341K [0x0000000080000000, 0x0000000083980000, 0x00000000d5580000)
  object space 58880K, 39% used [0x0000000080000000,0x00000000816cb5b8,0x0000000083980000)
 Metaspace       used 41264K, capacity 43508K, committed 43904K, reserved 1087488K
  class space    used 5682K, capacity 6146K, committed 6272K, reserved 1048576K
Event: 66.554 GC heap after
Heap after GC invocations=21 (full 2):
 PSYoungGen      total 231936K, used 9186K [0x00000000d5580000, 0x00000000e6000000, 0x0000000100000000)
  eden space 222720K, 0% used [0x00000000d5580000,0x00000000d5580000,0x00000000e2f00000)
  from space 9216K, 99% used [0x00000000e2f00000,0x00000000e37f8908,0x00000000e3800000)
  to   space 10752K, 0% used [0x00000000e5580000,0x00000000e5580000,0x00000000e6000000)
 ParOldGen       total 58880K, used 23390K [0x0000000080000000, 0x0000000083980000, 0x00000000d5580000)
  object space 58880K, 39% used [0x0000000080000000,0x00000000816d78e0,0x0000000083980000)
 Metaspace       used 41264K, capacity 43508K, committed 43904K, reserved 1087488K
  class space    used 5682K, capacity 6146K, committed 6272K, reserved 1048576K
}
Event: 68.376 GC heap before
{Heap before GC invocations=22 (full 2):
 PSYoungGen      total 231936K, used 231906K [0x00000000d5580000, 0x00000000e6000000, 0x0000000100000000)
  eden space 222720K, 100% used [0x00000000d5580000,0x00000000e2f00000,0x00000000e2f00000)
  from space 9216K, 99% used [0x00000000e2f00000,0x00000000e37f8908,0x00000000e3800000)
  to   space 10752K, 0% used [0x00000000e5580000,0x00000000e5580000,0x00000000e6000000)
 ParOldGen       total 58880K, used 23390K [0x0000000080000000, 0x0000000083980000, 0x00000000d5580000)
  object space 58880K, 39% used [0x0000000080000000,0x00000000816d78e0,0x0000000083980000)
 Metaspace       used 41268K, capacity 43516K, committed 43904K, reserved 1087488K
  class space    used 5682K, capacity 6146K, committed 6272K, reserved 1048576K
Event: 68.428 GC heap after
Heap after GC invocations=22 (full 2):
 PSYoungGen      total 259584K, used 10748K [0x00000000d5580000, 0x00000000e6a80000, 0x0000000100000000)
  eden space 248832K, 0% used [0x00000000d5580000,0x00000000d5580000,0x00000000e4880000)
  from space 10752K, 99% used [0x00000000e5580000,0x00000000e5fff348,0x00000000e6000000)
  to   space 13312K, 0% used [0x00000000e4880000,0x00000000e4880000,0x00000000e5580000)
 ParOldGen       total 58880K, used 25758K [0x0000000080000000, 0x0000000083980000, 0x00000000d5580000)
  object space 58880K, 43% used [0x0000000080000000,0x00000000819278e0,0x0000000083980000)
 Metaspace       used 41268K, capacity 43516K, committed 43904K, reserved 1087488K
  class space    used 5682K, capacity 6146K, committed 6272K, reserved 1048576K
}
Event: 71.086 GC heap before
{Heap before GC invocations=23 (full 2):
 PSYoungGen      total 259584K, used 259580K [0x00000000d5580000, 0x00000000e6a80000, 0x0000000100000000)
  eden space 248832K, 100% used [0x00000000d5580000,0x00000000e4880000,0x00000000e4880000)
  from space 10752K, 99% used [0x00000000e5580000,0x00000000e5fff348,0x00000000e6000000)
  to   space 13312K, 0% used [0x00000000e4880000,0x00000000e4880000,0x00000000e5580000)
 ParOldGen       total 58880K, used 25758K [0x0000000080000000, 0x0000000083980000, 0x00000000d5580000)
  object space 58880K, 43% used [0x0000000080000000,0x00000000819278e0,0x0000000083980000)
 Metaspace       used 41370K, capacity 43638K, committed 43904K, reserved 1087488K
  class space    used 5704K, capacity 6159K, committed 6272K, reserved 1048576K
Event: 71.094 GC heap after
Heap after GC invocations=23 (full 2):
 PSYoungGen      total 262144K, used 1654K [0x00000000d5580000, 0x00000000e8300000, 0x0000000100000000)
  eden space 248832K, 0% used [0x00000000d5580000,0x00000000d5580000,0x00000000e4880000)
  from space 13312K, 12% used [0x00000000e4880000,0x00000000e4a1da68,0x00000000e5580000)
  to   space 13312K, 0% used [0x00000000e7600000,0x00000000e7600000,0x00000000e8300000)
 ParOldGen       total 58880K, used 28254K [0x0000000080000000, 0x0000000083980000, 0x00000000d5580000)
  object space 58880K, 47% used [0x0000000080000000,0x0000000081b978e0,0x0000000083980000)
 Metaspace       used 41370K, capacity 43638K, committed 43904K, reserved 1087488K
  class space    used 5704K, capacity 6159K, committed 6272K, reserved 1048576K
}

