# JRE version: Java(TM) SE Runtime Environment (8.0_271-b09) (build 1.8.0_271-b09)
# Java VM: Java HotSpot(TM) 64-Bit Server VM (25.271-b09 mixed mode windows-amd64 compressed oops)
Heap:
 PSYoungGen      total 635392K, used 276519K [0x00000000d5580000, 0x00000000fd480000, 0x0000000100000000)
  eden space 626688K, 43% used [0x00000000d5580000,0x00000000e6299d00,0x00000000fb980000)
  from space 8704K, 11% used [0x00000000fb980000,0x00000000fba70000,0x00000000fc200000)
  to   space 9216K, 0% used [0x00000000fc200000,0x00000000fc200000,0x00000000fcb00000)
 ParOldGen       total 79360K, used 66380K [0x0000000080000000, 0x0000000084d80000, 0x00000000d5580000)
  object space 79360K, 83% used [0x0000000080000000,0x00000000840d3128,0x0000000084d80000)
 Metaspace       used 48450K, capacity 51293K, committed 51456K, reserved 1093632K
  class space    used 6550K, capacity 7105K, committed 7168K, reserved 1048576K
GC Heap History (10 events):
Event: 223.723 GC heap before
{Heap before GC invocations=32 (full 3):
 PSYoungGen      total 550912K, used 540416K [0x00000000d5580000, 0x00000000f7e00000, 0x0000000100000000)
  eden space 538624K, 100% used [0x00000000d5580000,0x00000000f6380000,0x00000000f6380000)
  from space 12288K, 14% used [0x00000000f6f00000,0x00000000f70c0000,0x00000000f7b00000)
  to   space 11776K, 0% used [0x00000000f6380000,0x00000000f6380000,0x00000000f6f00000)
 ParOldGen       total 79360K, used 58722K [0x0000000080000000, 0x0000000084d80000, 0x00000000d5580000)
  object space 79360K, 73% used [0x0000000080000000,0x0000000083958a58,0x0000000084d80000)
 Metaspace       used 46316K, capacity 49213K, committed 49664K, reserved 1091584K
  class space    used 6430K, capacity 7009K, committed 7168K, reserved 1048576K
Event: 223.898 GC heap after
Heap after GC invocations=32 (full 3):
 PSYoungGen      total 550400K, used 2464K [0x00000000d5580000, 0x00000000fcb00000, 0x0000000100000000)
  eden space 538624K, 0% used [0x00000000d5580000,0x00000000d5580000,0x00000000f6380000)
  from space 11776K, 20% used [0x00000000f6380000,0x00000000f65e8000,0x00000000f6f00000)
  to   space 9216K, 0% used [0x00000000fc200000,0x00000000fc200000,0x00000000fcb00000)
 ParOldGen       total 79360K, used 60322K [0x0000000080000000, 0x0000000084d80000, 0x00000000d5580000)
  object space 79360K, 76% used [0x0000000080000000,0x0000000083ae8a58,0x0000000084d80000)
 Metaspace       used 46316K, capacity 49213K, committed 49664K, reserved 1091584K
  class space    used 6430K, capacity 7009K, committed 7168K, reserved 1048576K
}
Event: 226.006 GC heap before
{Heap before GC invocations=33 (full 3):
 PSYoungGen      total 550400K, used 541088K [0x00000000d5580000, 0x00000000fcb00000, 0x0000000100000000)
  eden space 538624K, 100% used [0x00000000d5580000,0x00000000f6380000,0x00000000f6380000)
  from space 11776K, 20% used [0x00000000f6380000,0x00000000f65e8000,0x00000000f6f00000)
  to   space 9216K, 0% used [0x00000000fc200000,0x00000000fc200000,0x00000000fcb00000)
 ParOldGen       total 79360K, used 60322K [0x0000000080000000, 0x0000000084d80000, 0x00000000d5580000)
  object space 79360K, 76% used [0x0000000080000000,0x0000000083ae8a58,0x0000000084d80000)
 Metaspace       used 46325K, capacity 49213K, committed 49664K, reserved 1091584K
  class space    used 6430K, capacity 7009K, committed 7168K, reserved 1048576K
Event: 226.206 GC heap after
Heap after GC invocations=33 (full 3):
 PSYoungGen      total 635904K, used 2944K [0x00000000d5580000, 0x00000000fd480000, 0x0000000100000000)
  eden space 626688K, 0% used [0x00000000d5580000,0x00000000d5580000,0x00000000fb980000)
  from space 9216K, 31% used [0x00000000fc200000,0x00000000fc4e0000,0x00000000fcb00000)
  to   space 8704K, 0% used [0x00000000fb980000,0x00000000fb980000,0x00000000fc200000)
 ParOldGen       total 79360K, used 62658K [0x0000000080000000, 0x0000000084d80000, 0x00000000d5580000)
  object space 79360K, 78% used [0x0000000080000000,0x0000000083d30a58,0x0000000084d80000)
 Metaspace       used 46325K, capacity 49213K, committed 49664K, reserved 1091584K
  class space    used 6430K, capacity 7009K, committed 7168K, reserved 1048576K
}
Event: 232.312 GC heap before
{Heap before GC invocations=34 (full 3):
 PSYoungGen      total 635904K, used 629632K [0x00000000d5580000, 0x00000000fd480000, 0x0000000100000000)
  eden space 626688K, 100% used [0x00000000d5580000,0x00000000fb980000,0x00000000fb980000)
  from space 9216K, 31% used [0x00000000fc200000,0x00000000fc4e0000,0x00000000fcb00000)
  to   space 8704K, 0% used [0x00000000fb980000,0x00000000fb980000,0x00000000fc200000)
 ParOldGen       total 79360K, used 62658K [0x0000000080000000, 0x0000000084d80000, 0x00000000d5580000)
  object space 79360K, 78% used [0x0000000080000000,0x0000000083d30a58,0x0000000084d80000)
 Metaspace       used 48306K, capacity 51165K, committed 51456K, reserved 1093632K
  class space    used 6545K, capacity 7105K, committed 7168K, reserved 1048576K
Event: 235.071 GC heap after
Heap after GC invocations=34 (full 3):
 PSYoungGen      total 635392K, used 4930K [0x00000000d5580000, 0x00000000fd480000, 0x0000000100000000)
  eden space 626688K, 0% used [0x00000000d5580000,0x00000000d5580000,0x00000000fb980000)
  from space 8704K, 56% used [0x00000000fb980000,0x00000000fbe50be0,0x00000000fc200000)
  to   space 9216K, 0% used [0x00000000fc200000,0x00000000fc200000,0x00000000fcb00000)
 ParOldGen       total 79360K, used 64314K [0x0000000080000000, 0x0000000084d80000, 0x00000000d5580000)
  object space 79360K, 81% used [0x0000000080000000,0x0000000083ecea58,0x0000000084d80000)
 Metaspace       used 48306K, capacity 51165K, committed 51456K, reserved 1093632K
  class space    used 6545K, capacity 7105K, committed 7168K, reserved 1048576K
}
Event: 243.250 GC heap before
{Heap before GC invocations=35 (full 3):
 PSYoungGen      total 635392K, used 631618K [0x00000000d5580000, 0x00000000fd480000, 0x0000000100000000)
  eden space 626688K, 100% used [0x00000000d5580000,0x00000000fb980000,0x00000000fb980000)
  from space 8704K, 56% used [0x00000000fb980000,0x00000000fbe50be0,0x00000000fc200000)
  to   space 9216K, 0% used [0x00000000fc200000,0x00000000fc200000,0x00000000fcb00000)
 ParOldGen       total 79360K, used 64314K [0x0000000080000000, 0x0000000084d80000, 0x00000000d5580000)
  object space 79360K, 81% used [0x0000000080000000,0x0000000083ecea58,0x0000000084d80000)
 Metaspace       used 48400K, capacity 51229K, committed 51456K, reserved 1093632K
  class space    used 6550K, capacity 7105K, committed 7168K, reserved 1048576K
Event: 243.677 GC heap after
Heap after GC invocations=35 (full 3):
 PSYoungGen      total 635904K, used 5026K [0x00000000d5580000, 0x00000000fd480000, 0x0000000100000000)
  eden space 626688K, 0% used [0x00000000d5580000,0x00000000d5580000,0x00000000fb980000)
  from space 9216K, 54% used [0x00000000fc200000,0x00000000fc6e89b0,0x00000000fcb00000)
  to   space 8704K, 0% used [0x00000000fb980000,0x00000000fb980000,0x00000000fc200000)
 ParOldGen       total 79360K, used 65506K [0x0000000080000000, 0x0000000084d80000, 0x00000000d5580000)
  object space 79360K, 82% used [0x0000000080000000,0x0000000083ff8a58,0x0000000084d80000)
 Metaspace       used 48400K, capacity 51229K, committed 51456K, reserved 1093632K
  class space    used 6550K, capacity 7105K, committed 7168K, reserved 1048576K
}
Event: 247.845 GC heap before
{Heap before GC invocations=36 (full 3):
 PSYoungGen      total 635904K, used 631714K [0x00000000d5580000, 0x00000000fd480000, 0x0000000100000000)
  eden space 626688K, 100% used [0x00000000d5580000,0x00000000fb980000,0x00000000fb980000)
  from space 9216K, 54% used [0x00000000fc200000,0x00000000fc6e89b0,0x00000000fcb00000)
  to   space 8704K, 0% used [0x00000000fb980000,0x00000000fb980000,0x00000000fc200000)
 ParOldGen       total 79360K, used 65506K [0x0000000080000000, 0x0000000084d80000, 0x00000000d5580000)
  object space 79360K, 82% used [0x0000000080000000,0x0000000083ff8a58,0x0000000084d80000)
 Metaspace       used 48443K, capacity 51293K, committed 51456K, reserved 1093632K
  class space    used 6550K, capacity 7105K, committed 7168K, reserved 1048576K
Event: 248.731 GC heap after
Heap after GC invocations=36 (full 3):
 PSYoungGen      total 635392K, used 960K [0x00000000d5580000, 0x00000000fd480000, 0x0000000100000000)
  eden space 626688K, 0% used [0x00000000d5580000,0x00000000d5580000,0x00000000fb980000)
  from space 8704K, 11% used [0x00000000fb980000,0x00000000fba70000,0x00000000fc200000)
  to   space 9216K, 0% used [0x00000000fc200000,0x00000000fc200000,0x00000000fcb00000)
 ParOldGen       total 79360K, used 66380K [0x0000000080000000, 0x0000000084d80000, 0x00000000d5580000)
  object space 79360K, 83% used [0x0000000080000000,0x00000000840d3128,0x0000000084d80000)
 Metaspace       used 48443K, capacity 51293K, committed 51456K, reserved 1093632K
  class space    used 6550K, capacity 7105K, committed 7168K, reserved 1048576K
}

